2026-05-13 18:48:03,724 - INFO - 工具箱启动
2026-05-13 18:48:05,767 - INFO - 启动工具: 配量配置NTP
2026-05-13 18:48:06,080 - INFO - 工具启动成功: 配量配置NTP
2026-05-13 18:50:03,594 - INFO - 启动工具: 批量用户管理
2026-05-13 18:50:03,606 - ERROR - 工具启动失败: name 'datetime' is not defined
2026-05-13 18:50:05,161 - INFO - 启动工具: 批量用户管理
2026-05-13 18:50:05,161 - ERROR - 工具启动失败: name 'datetime' is not defined
2026-05-13 18:50:13,726 - INFO - 启动工具: 批量用户管理
2026-05-13 18:50:13,726 - ERROR - 工具启动失败: name 'datetime' is not defined
2026-05-13 18:50:13,885 - INFO - 启动工具: 批量用户管理
2026-05-13 18:50:13,888 - ERROR - 工具启动失败: name 'datetime' is not defined
2026-05-13 18:50:14,408 - INFO - 启动工具: 批量用户管理
2026-05-13 18:50:14,409 - ERROR - 工具启动失败: name 'datetime' is not defined
2026-05-13 18:50:15,820 - INFO - 启动工具: SSH端口配置
2026-05-13 18:50:15,852 - INFO - 工具启动成功: SSH端口配置
2026-05-13 18:50:19,261 - INFO - 启动工具: 批量用户管理
2026-05-13 18:50:19,261 - ERROR - 工具启动失败: name 'datetime' is not defined
2026-05-13 18:50:19,420 - INFO - 启动工具: 批量用户管理
2026-05-13 18:50:19,420 - ERROR - 工具启动失败: name 'datetime' is not defined
2026-05-13 18:50:19,569 - INFO - 启动工具: 批量用户管理
2026-05-13 18:50:19,570 - ERROR - 工具启动失败: name 'datetime' is not defined
2026-05-13 18:50:19,712 - INFO - 启动工具: 批量用户管理
2026-05-13 18:50:19,713 - ERROR - 工具启动失败: name 'datetime' is not defined
2026-05-13 18:50:21,017 - INFO - 启动工具: 安全基线检查
2026-05-13 18:50:21,046 - INFO - 工具启动成功: 安全基线检查
2026-05-13 18:50:40,531 - INFO - 启动工具: 批量用户管理
2026-05-13 18:50:40,532 - ERROR - 工具启动失败: name 'datetime' is not defined
2026-05-13 18:50:40,689 - INFO - 启动工具: 批量用户管理
2026-05-13 18:50:40,689 - ERROR - 工具启动失败: name 'datetime' is not defined
2026-05-13 18:50:41,050 - INFO - 启动工具: 批量用户管理
2026-05-13 18:50:41,050 - ERROR - 工具启动失败: name 'datetime' is not defined
2026-05-13 18:50:41,223 - INFO - 启动工具: 批量用户管理
2026-05-13 18:50:41,223 - ERROR - 工具启动失败: name 'datetime' is not defined
2026-05-13 18:50:41,686 - INFO - 启动工具: 批量用户管理
2026-05-13 18:50:41,686 - ERROR - 工具启动失败: name 'datetime' is not defined
2026-05-13 18:50:41,859 - INFO - 启动工具: 批量用户管理
2026-05-13 18:50:41,859 - ERROR - 工具启动失败: name 'datetime' is not defined
2026-05-13 18:50:42,058 - INFO - 启动工具: 批量用户管理
2026-05-13 18:50:42,059 - ERROR - 工具启动失败: name 'datetime' is not defined
2026-05-13 18:50:42,505 - INFO - 启动工具: 批量用户管理
2026-05-13 18:50:42,505 - ERROR - 工具启动失败: name 'datetime' is not defined
2026-05-13 18:50:42,662 - INFO - 启动工具: 批量用户管理
2026-05-13 18:50:42,663 - ERROR - 工具启动失败: name 'datetime' is not defined
